0 info it worked if it ends with ok
1 verbose cli [ 'C:\\Node安装目录\\node.exe',
1 verbose cli   'C:\\Node安装目录\\node_modules\\npm\\bin\\npm-cli.js',
1 verbose cli   'start' ]
2 info using npm@3.10.10
3 info using node@v6.11.0
4 verbose run-script [ 'prestart', 'start', 'poststart' ]
5 info lifecycle todo@1.0.0~prestart: todo@1.0.0
6 silly lifecycle todo@1.0.0~prestart: no script for prestart, continuing
7 info lifecycle todo@1.0.0~start: todo@1.0.0
8 verbose lifecycle todo@1.0.0~start: unsafe-perm in lifecycle true
9 verbose lifecycle todo@1.0.0~start: PATH: C:\Node安装目录\node_modules\npm\bin\node-gyp-bin;D:\github仓库\react-music\node_modules\.bin;C:\Windows\system32;C:\Windows;C:\Windows\System32\Wbem;C:\Windows\System32\WindowsPowerShell\v1.0\;C:\Program Files\Intel\WiFi\bin\;C:\Program Files\Common Files\Intel\WirelessCommon\;C:\Node安装目录\;C:\软件\Git\bin;C:\Users\yangmingbo\AppData\Roaming\npm;C:\软件\Git\bin
10 verbose lifecycle todo@1.0.0~start: CWD: D:\github仓库\react-music
11 silly lifecycle todo@1.0.0~start: Args: [ '/d /s /c', 'node server.js' ]
12 verbose stack Error: kill ENOSYS
12 verbose stack     at exports._errnoException (util.js:1018:11)
12 verbose stack     at process.kill (internal/process.js:190:13)
12 verbose stack     at process.listener (C:\Node安装目录\node_modules\npm\node_modules\npmlog\node_modules\gauge\node_modules\signal-exit\index.js:86:15)
12 verbose stack     at emitNone (events.js:91:20)
12 verbose stack     at process.emit (events.js:185:7)
12 verbose stack     at processEmit (C:\Node安装目录\node_modules\npm\node_modules\npmlog\node_modules\gauge\node_modules\signal-exit\index.js:146:32)
12 verbose stack     at processEmit (C:\Node安装目录\node_modules\npm\node_modules\npm-registry-client\node_modules\npmlog\node_modules\gauge\node_modules\signal-exit\index.js:146:32)
12 verbose stack     at Signal.wrap.onsignal (internal/process.js:217:44)
13 verbose cwd D:\github仓库\react-music
14 error Windows_NT 6.1.7601
15 error argv "C:\\Node安装目录\\node.exe" "C:\\Node安装目录\\node_modules\\npm\\bin\\npm-cli.js" "start"
16 error node v6.11.0
17 error npm  v3.10.10
18 error code ENOSYS
19 error errno ENOSYS
20 error syscall kill
21 error kill ENOSYS
22 error If you need help, you may report this error at:
22 error     <https://github.com/npm/npm/issues>
23 verbose exit [ 1, true ]
